{"contracts/Greeter.sol":{"l":{"10":3,"11":3,"15":2,"19":1,"20":1},"path":"/Users/lexchou/full-stack-ethereum/contracts/Greeter.sol","s":{"1":3,"2":3,"3":2,"4":1,"5":1},"b":{},"f":{"1":3,"2":2,"3":1},"fnMap":{"1":{"name":"constructor","line":9,"loc":{"start":{"line":9,"column":2},"end":{"line":12,"column":2}}},"2":{"name":"greet","line":14,"loc":{"start":{"line":14,"column":2},"end":{"line":16,"column":2}}},"3":{"name":"setGreeting","line":18,"loc":{"start":{"line":18,"column":2},"end":{"line":21,"column":2}}}},"statementMap":{"1":{"start":{"line":10,"column":4},"end":{"line":10,"column":63}},"2":{"start":{"line":11,"column":4},"end":{"line":11,"column":23}},"3":{"start":{"line":15,"column":4},"end":{"line":15,"column":19}},"4":{"start":{"line":19,"column":4},"end":{"line":19,"column":74}},"5":{"start":{"line":20,"column":4},"end":{"line":20,"column":23}}},"branchMap":{}},"contracts/LEMToken.sol":{"l":{"8":0},"path":"/Users/lexchou/full-stack-ethereum/contracts/LEMToken.sol","s":{"1":0},"b":{},"f":{"1":0},"fnMap":{"1":{"name":"constructor","line":7,"loc":{"start":{"line":7,"column":4},"end":{"line":11,"column":4}}}},"statementMap":{"1":{"start":{"line":8,"column":8},"end":{"line":8,"column":45}}},"branchMap":{}},"contracts/Quiz.sol":{"l":{"14":12,"18":0,"19":0,"22":0,"24":0,"25":0,"36":0},"path":"/Users/lexchou/full-stack-ethereum/contracts/Quiz.sol","s":{"1":12,"2":0,"3":0,"4":0,"5":0,"6":0,"7":0},"b":{"1":[0,0],"2":[0,0]},"f":{"1":12,"2":0,"3":0,"4":0},"fnMap":{"1":{"name":"constructor","line":13,"loc":{"start":{"line":13,"column":4},"end":{"line":15,"column":4}}},"2":{"name":"mint","line":17,"loc":{"start":{"line":17,"column":4},"end":{"line":20,"column":4}}},"3":{"name":"batchMint","line":21,"loc":{"start":{"line":21,"column":4},"end":{"line":27,"column":4}}},"4":{"name":"supportsInterface","line":29,"loc":{"start":{"line":29,"column":4},"end":{"line":37,"column":4}}}},"statementMap":{"1":{"start":{"line":14,"column":8},"end":{"line":14,"column":42}},"2":{"start":{"line":18,"column":8},"end":{"line":18,"column":38}},"3":{"start":{"line":19,"column":8},"end":{"line":19,"column":30}},"4":{"start":{"line":22,"column":8},"end":{"line":22,"column":56}},"5":{"start":{"line":24,"column":8},"end":{"line":24,"column":746}},"6":{"start":{"line":25,"column":12},"end":{"line":25,"column":32}},"7":{"start":{"line":36,"column":8},"end":{"line":36,"column":51}}},"branchMap":{"1":{"line":18,"type":"if","locations":[{"start":{"line":18,"column":8},"end":{"line":18,"column":8}},{"start":{"line":18,"column":8},"end":{"line":18,"column":8}}]},"2":{"line":22,"type":"if","locations":[{"start":{"line":22,"column":8},"end":{"line":22,"column":8}},{"start":{"line":22,"column":8},"end":{"line":22,"column":8}}]}}},"contracts/Token.sol":{"l":{"17":15,"18":15,"19":15,"23":4,"24":3,"25":3,"30":7},"path":"/Users/lexchou/full-stack-ethereum/contracts/Token.sol","s":{"1":15,"2":15,"3":15,"4":4,"5":3,"6":3,"7":7},"b":{"1":[3,1]},"f":{"1":15,"2":4,"3":7},"fnMap":{"1":{"name":"constructor","line":16,"loc":{"start":{"line":16,"column":2},"end":{"line":20,"column":2}}},"2":{"name":"transfer","line":22,"loc":{"start":{"line":22,"column":2},"end":{"line":27,"column":2}}},"3":{"name":"balanceOf","line":29,"loc":{"start":{"line":29,"column":2},"end":{"line":32,"column":2}}}},"statementMap":{"1":{"start":{"line":17,"column":4},"end":{"line":17,"column":37}},"2":{"start":{"line":18,"column":4},"end":{"line":18,"column":21}},"3":{"start":{"line":19,"column":4},"end":{"line":19,"column":34}},"4":{"start":{"line":23,"column":4},"end":{"line":23,"column":60}},"5":{"start":{"line":24,"column":4},"end":{"line":24,"column":32}},"6":{"start":{"line":25,"column":4},"end":{"line":25,"column":24}},"7":{"start":{"line":30,"column":4},"end":{"line":30,"column":28}}},"branchMap":{"1":{"line":23,"type":"if","locations":[{"start":{"line":23,"column":4},"end":{"line":23,"column":4}},{"start":{"line":23,"column":4},"end":{"line":23,"column":4}}]}}}}